<?xml version="1.0" encoding="UTF-8"?>
<!-- Generated by org.testng.reporters.JUnitReportReporter -->
<testsuite hostname="MohamedHisham" failures="0" tests="1" name="Test.RegisteredUserCheckoutProduct" time="22.087" errors="0" timestamp="2020-04-03T22:19:21 EET" skipped="0">
  <testcase classname="Test.RegisteredUserCheckoutProduct" name="UserCanCheckOut" time="22.087"/>
  <system-out/>
</testsuite> <!-- Test.RegisteredUserCheckoutProduct -->
