<?xml version="1.0" encoding="UTF-8"?>
<!-- Generated by org.testng.reporters.JUnitReportReporter -->
<testsuite hostname="MohamedHisham" failures="0" tests="1" name="Test.ProductHoverMenuTest" time="5.648" errors="0" timestamp="2020-04-02T18:13:33 EET" skipped="0">
  <testcase classname="Test.ProductHoverMenuTest" name="UserCanChooseNotebooks" time="5.648"/>
  <system-out/>
</testsuite> <!-- Test.ProductHoverMenuTest -->
