<?xml version="1.0" encoding="UTF-8"?>
<!-- Generated by org.testng.reporters.JUnitReportReporter -->
<testsuite hostname="MohamedHisham" failures="0" tests="4" name="Test.MyAccountTest" time="19.990" errors="0" timestamp="2020-03-30T18:36:11 EET" skipped="0">
  <testcase classname="Test.MyAccountTest" name="UserCanRegisterSuccessfully" time="6.998"/>
  <system-out/>
  <testcase classname="Test.MyAccountTest" name="RegisterUserCanChangedPassword" time="5.423"/>
  <system-out/>
  <testcase classname="Test.MyAccountTest" name="RegisteredUserCanLogout" time="2.757"/>
  <system-out/>
  <testcase classname="Test.MyAccountTest" name="RegisteredUserCanLogin" time="4.812"/>
  <system-out/>
</testsuite> <!-- Test.MyAccountTest -->
