<?xml version="1.0" encoding="UTF-8"?>
<!-- Generated by org.testng.reporters.JUnitReportReporter -->
<testsuite hostname="MohamedHisham" failures="0" tests="1" name="Test.AddProductReviewTest" time="31.419" errors="0" timestamp="2020-04-01T23:53:58 EET" skipped="0">
  <testcase classname="Test.AddProductReviewTest" name="UserCanProductReview" time="31.419"/>
  <system-out/>
</testsuite> <!-- Test.AddProductReviewTest -->
