<?xml version="1.0" encoding="UTF-8"?>
<!-- Generated by org.testng.reporters.JUnitReportReporter -->
<testsuite hostname="MohamedHisham" failures="0" tests="3" name="Test.UserRegistrationTest" time="16.358" errors="0" timestamp="2020-03-28T17:22:16 EET" skipped="0">
  <testcase classname="Test.UserRegistrationTest" name="RegisteredUserCanLogout" time="4.325"/>
  <system-out/>
  <testcase classname="Test.UserRegistrationTest" name="RegisteredUserCanLogin" time="4.891"/>
  <system-out/>
  <testcase classname="Test.UserRegistrationTest" name="UserCanRegisterSuccessfully" time="7.142"/>
  <system-out/>
</testsuite> <!-- Test.UserRegistrationTest -->
