<?xml version="1.0" encoding="UTF-8"?>
<!-- Generated by org.testng.reporters.JUnitReportReporter -->
<testsuite hostname="MohamedHisham" failures="0" tests="1" name="Test.ContactUsTest" time="5.007" errors="0" timestamp="2020-04-01T00:53:26 EET" skipped="0">
  <testcase classname="Test.ContactUsTest" name="UserCanUseContactUs" time="5.007"/>
  <system-out/>
</testsuite> <!-- Test.ContactUsTest -->
