<?xml version="1.0" encoding="UTF-8"?>
<!-- Generated by org.testng.reporters.JUnitReportReporter -->
<testsuite hostname="MohamedHisham" failures="0" tests="1" name="Test.EmailFriendTest" time="14.039" errors="0" timestamp="2020-04-01T18:31:06 EET" skipped="0">
  <testcase classname="Test.EmailFriendTest" name="UserCanSendEmail" time="14.039"/>
  <system-out/>
</testsuite> <!-- Test.EmailFriendTest -->
