<?xml version="1.0" encoding="UTF-8"?>
<!-- Generated by org.testng.reporters.JUnitReportReporter -->
<testsuite hostname="MohamedHisham" failures="0" tests="1" name="Test.ChangeCurrencyTest" time="16.172" errors="0" timestamp="2020-04-01T22:09:43 EET" skipped="0">
  <testcase classname="Test.ChangeCurrencyTest" name="UserCanChangeCurrency" time="16.172"/>
  <system-out/>
</testsuite> <!-- Test.ChangeCurrencyTest -->
