<?xml version="1.0" encoding="UTF-8"?>
<!-- Generated by org.testng.reporters.JUnitReportReporter -->
<testsuite hostname="MohamedHisham" failures="0" tests="1" name="Test.SearchProductTest" time="8.194" errors="0" timestamp="2020-04-01T20:07:50 EET" skipped="0">
  <testcase classname="Test.SearchProductTest" name="UserCanSearchForProducts" time="8.194"/>
  <system-out/>
</testsuite> <!-- Test.SearchProductTest -->
